# JRE version: Java(TM) SE Runtime Environment (8.0_181-b13) (build 1.8.0_181-b13)
# Java VM: Java HotSpot(TM) 64-Bit Server VM (25.181-b13 mixed mode linux-amd64 compressed oops)
Heap:
 PSYoungGen      total 446464K, used 126690K [0x00000000d7200000, 0x0000000100000000, 0x0000000100000000)
  eden space 223232K, 0% used [0x00000000d7200000,0x00000000d7200000,0x00000000e4c00000)
  from space 223232K, 56% used [0x00000000e4c00000,0x00000000ec7b8938,0x00000000f2600000)
  to   space 223232K, 0% used [0x00000000f2600000,0x00000000f2600000,0x0000000100000000)
 ParOldGen       total 720896K, used 720808K [0x0000000085600000, 0x00000000b1600000, 0x00000000d7200000)
  object space 720896K, 99% used [0x0000000085600000,0x00000000b15ea080,0x00000000b1600000)
 Metaspace       used 42438K, capacity 44746K, committed 44928K, reserved 1087488K
  class space    used 5751K, capacity 6168K, committed 6272K, reserved 1048576K
GC Heap History (10 events):
Event: 55.897 GC heap after
Heap after GC invocations=14 (full 4):
 PSYoungGen      total 298496K, used 107497K [0x00000000d7200000, 0x00000000f4700000, 0x0000000100000000)
  eden space 190976K, 0% used [0x00000000d7200000,0x00000000d7200000,0x00000000e2c80000)
  from space 107520K, 99% used [0x00000000eb880000,0x00000000f217a5e0,0x00000000f2180000)
  to   space 143360K, 0% used [0x00000000e2c80000,0x00000000e2c80000,0x00000000eb880000)
 ParOldGen       total 454656K, used 290614K [0x0000000085600000, 0x00000000a1200000, 0x00000000d7200000)
  object space 454656K, 63% used [0x0000000085600000,0x00000000971cdbf8,0x00000000a1200000)
 Metaspace       used 42438K, capacity 44746K, committed 44928K, reserved 1087488K
  class space    used 5751K, capacity 6168K, committed 6272K, reserved 1048576K
}
Event: 56.025 GC heap before
{Heap before GC invocations=15 (full 4):
 PSYoungGen      total 298496K, used 298473K [0x00000000d7200000, 0x00000000f4700000, 0x0000000100000000)
  eden space 190976K, 100% used [0x00000000d7200000,0x00000000e2c80000,0x00000000e2c80000)
  from space 107520K, 99% used [0x00000000eb880000,0x00000000f217a5e0,0x00000000f2180000)
  to   space 143360K, 0% used [0x00000000e2c80000,0x00000000e2c80000,0x00000000eb880000)
 ParOldGen       total 454656K, used 290614K [0x0000000085600000, 0x00000000a1200000, 0x00000000d7200000)
  object space 454656K, 63% used [0x0000000085600000,0x00000000971cdbf8,0x00000000a1200000)
 Metaspace       used 42438K, capacity 44746K, committed 44928K, reserved 1087488K
  class space    used 5751K, capacity 6168K, committed 6272K, reserved 1048576K
Event: 56.401 GC heap after
Heap after GC invocations=15 (full 4):
 PSYoungGen      total 334336K, used 143351K [0x00000000d7200000, 0x0000000100000000, 0x0000000100000000)
  eden space 190976K, 0% used [0x00000000d7200000,0x00000000d7200000,0x00000000e2c80000)
  from space 143360K, 99% used [0x00000000e2c80000,0x00000000eb87dc60,0x00000000eb880000)
  to   space 208896K, 0% used [0x00000000f3400000,0x00000000f3400000,0x0000000100000000)
 ParOldGen       total 454656K, used 398070K [0x0000000085600000, 0x00000000a1200000, 0x00000000d7200000)
  object space 454656K, 87% used [0x0000000085600000,0x000000009dabdbf8,0x00000000a1200000)
 Metaspace       used 42438K, capacity 44746K, committed 44928K, reserved 1087488K
  class space    used 5751K, capacity 6168K, committed 6272K, reserved 1048576K
}
Event: 56.401 GC heap before
{Heap before GC invocations=16 (full 5):
 PSYoungGen      total 334336K, used 143351K [0x00000000d7200000, 0x0000000100000000, 0x0000000100000000)
  eden space 190976K, 0% used [0x00000000d7200000,0x00000000d7200000,0x00000000e2c80000)
  from space 143360K, 99% used [0x00000000e2c80000,0x00000000eb87dc60,0x00000000eb880000)
  to   space 208896K, 0% used [0x00000000f3400000,0x00000000f3400000,0x0000000100000000)
 ParOldGen       total 454656K, used 398070K [0x0000000085600000, 0x00000000a1200000, 0x00000000d7200000)
  object space 454656K, 87% used [0x0000000085600000,0x000000009dabdbf8,0x00000000a1200000)
 Metaspace       used 42438K, capacity 44746K, committed 44928K, reserved 1087488K
  class space    used 5751K, capacity 6168K, committed 6272K, reserved 1048576K
Event: 58.580 GC heap after
Heap after GC invocations=16 (full 5):
 PSYoungGen      total 334336K, used 70568K [0x00000000d7200000, 0x0000000100000000, 0x0000000100000000)
  eden space 190976K, 0% used [0x00000000d7200000,0x00000000d7200000,0x00000000e2c80000)
  from space 143360K, 49% used [0x00000000e2c80000,0x00000000e716a0d0,0x00000000eb880000)
  to   space 208896K, 0% used [0x00000000f3400000,0x00000000f3400000,0x0000000100000000)
 ParOldGen       total 720896K, used 454180K [0x0000000085600000, 0x00000000b1600000, 0x00000000d7200000)
  object space 720896K, 63% used [0x0000000085600000,0x00000000a1189160,0x00000000b1600000)
 Metaspace       used 42438K, capacity 44746K, committed 44928K, reserved 1087488K
  class space    used 5751K, capacity 6168K, committed 6272K, reserved 1048576K
}
Event: 58.697 GC heap before
{Heap before GC invocations=17 (full 5):
 PSYoungGen      total 334336K, used 261544K [0x00000000d7200000, 0x0000000100000000, 0x0000000100000000)
  eden space 190976K, 100% used [0x00000000d7200000,0x00000000e2c80000,0x00000000e2c80000)
  from space 143360K, 49% used [0x00000000e2c80000,0x00000000e716a0d0,0x00000000eb880000)
  to   space 208896K, 0% used [0x00000000f3400000,0x00000000f3400000,0x0000000100000000)
 ParOldGen       total 720896K, used 454180K [0x0000000085600000, 0x00000000b1600000, 0x00000000d7200000)
  object space 720896K, 63% used [0x0000000085600000,0x00000000a1189160,0x00000000b1600000)
 Metaspace       used 42438K, capacity 44746K, committed 44928K, reserved 1087488K
  class space    used 5751K, capacity 6168K, committed 6272K, reserved 1048576K
Event: 59.245 GC heap after
Heap after GC invocations=17 (full 5):
 PSYoungGen      total 432128K, used 190210K [0x00000000d7200000, 0x0000000100000000, 0x0000000100000000)
  eden space 223232K, 0% used [0x00000000d7200000,0x00000000d7200000,0x00000000e4c00000)
  from space 208896K, 91% used [0x00000000f3400000,0x00000000fedc0a88,0x0000000100000000)
  to   space 223232K, 0% used [0x00000000e4c00000,0x00000000e4c00000,0x00000000f2600000)
 ParOldGen       total 720896K, used 525020K [0x0000000085600000, 0x00000000b1600000, 0x00000000d7200000)
  object space 720896K, 72% used [0x0000000085600000,0x00000000a56b7160,0x00000000b1600000)
 Metaspace       used 42438K, capacity 44746K, committed 44928K, reserved 1087488K
  class space    used 5751K, capacity 6168K, committed 6272K, reserved 1048576K
}
Event: 59.381 GC heap before
{Heap before GC invocations=18 (full 5):
 PSYoungGen      total 432128K, used 413442K [0x00000000d7200000, 0x0000000100000000, 0x0000000100000000)
  eden space 223232K, 100% used [0x00000000d7200000,0x00000000e4c00000,0x00000000e4c00000)
  from space 208896K, 91% used [0x00000000f3400000,0x00000000fedc0a88,0x0000000100000000)
  to   space 223232K, 0% used [0x00000000e4c00000,0x00000000e4c00000,0x00000000f2600000)
 ParOldGen       total 720896K, used 525020K [0x0000000085600000, 0x00000000b1600000, 0x00000000d7200000)
  object space 720896K, 72% used [0x0000000085600000,0x00000000a56b7160,0x00000000b1600000)
 Metaspace       used 42438K, capacity 44746K, committed 44928K, reserved 1087488K
  class space    used 5751K, capacity 6168K, committed 6272K, reserved 1048576K
Event: 59.799 GC heap after
Heap after GC invocations=18 (full 5):
 PSYoungGen      total 446464K, used 223139K [0x00000000d7200000, 0x0000000100000000, 0x0000000100000000)
  eden space 223232K, 0% used [0x00000000d7200000,0x00000000d7200000,0x00000000e4c00000)
  from space 223232K, 99% used [0x00000000e4c00000,0x00000000f25e8fc8,0x00000000f2600000)
  to   space 223232K, 0% used [0x00000000f2600000,0x00000000f2600000,0x0000000100000000)
 ParOldGen       total 720896K, used 661364K [0x0000000085600000, 0x00000000b1600000, 0x00000000d7200000)
  object space 720896K, 91% used [0x0000000085600000,0x00000000adbdd160,0x00000000b1600000)
 Metaspace       used 42438K, capacity 44746K, committed 44928K, reserved 1087488K
  class space    used 5751K, capacity 6168K, committed 6272K, reserved 1048576K
}
Event: 59.801 GC heap before
{Heap before GC invocations=19 (full 6):
 PSYoungGen      total 446464K, used 223139K [0x00000000d7200000, 0x0000000100000000, 0x0000000100000000)
  eden space 223232K, 0% used [0x00000000d7200000,0x00000000d7200000,0x00000000e4c00000)
  from space 223232K, 99% used [0x00000000e4c00000,0x00000000f25e8fc8,0x00000000f2600000)
  to   space 223232K, 0% used [0x00000000f2600000,0x00000000f2600000,0x0000000100000000)
 ParOldGen       total 720896K, used 661364K [0x0000000085600000, 0x00000000b1600000, 0x00000000d7200000)
  object space 720896K, 91% used [0x0000000085600000,0x00000000adbdd160,0x00000000b1600000)
 Metaspace       used 42438K, capacity 44746K, committed 44928K, reserved 1087488K
  class space    used 5751K, capacity 6168K, committed 6272K, reserved 1048576K

