# JRE version: OpenJDK Runtime Environment (8.0_171-b11) (build 1.8.0_171-8u171-b11-0ubuntu0.18.04.1-b11)
# Java VM: OpenJDK 64-Bit Server VM (25.171-b11 mixed mode linux-amd64 compressed oops)
Heap:
 PSYoungGen      total 440320K, used 219478K [0x00000000d7b80000, 0x0000000100000000, 0x0000000100000000)
  eden space 220672K, 0% used [0x00000000d7b80000,0x00000000d7b80000,0x00000000e5300000)
  from space 219648K, 99% used [0x00000000f2980000,0x00000000fffd58c0,0x0000000100000000)
  to   space 219648K, 0% used [0x00000000e5300000,0x00000000e5300000,0x00000000f2980000)
 ParOldGen       total 962048K, used 906423K [0x0000000087200000, 0x00000000c1d80000, 0x00000000d7b80000)
  object space 962048K, 94% used [0x0000000087200000,0x00000000be72df80,0x00000000c1d80000)
 Metaspace       used 39054K, capacity 41316K, committed 41472K, reserved 1085440K
  class space    used 5181K, capacity 5601K, committed 5632K, reserved 1048576K
GC Heap History (10 events):
Event: 35.776 GC heap after
Heap after GC invocations=18 (full 5):
 PSYoungGen      total 337408K, used 167261K [0x00000000d7b80000, 0x0000000100000000, 0x0000000100000000)
  eden space 169984K, 0% used [0x00000000d7b80000,0x00000000d7b80000,0x00000000e2180000)
  from space 167424K, 99% used [0x00000000e2180000,0x00000000ec4d75b0,0x00000000ec500000)
  to   space 219648K, 0% used [0x00000000f2980000,0x00000000f2980000,0x0000000100000000)
 ParOldGen       total 670720K, used 439883K [0x0000000087200000, 0x00000000b0100000, 0x00000000d7b80000)
  object space 670720K, 65% used [0x0000000087200000,0x00000000a1f92e90,0x00000000b0100000)
 Metaspace       used 39051K, capacity 41316K, committed 41472K, reserved 1085440K
  class space    used 5181K, capacity 5601K, committed 5632K, reserved 1048576K
}
Event: 36.209 GC heap before
{Heap before GC invocations=19 (full 5):
 PSYoungGen      total 337408K, used 337245K [0x00000000d7b80000, 0x0000000100000000, 0x0000000100000000)
  eden space 169984K, 100% used [0x00000000d7b80000,0x00000000e2180000,0x00000000e2180000)
  from space 167424K, 99% used [0x00000000e2180000,0x00000000ec4d75b0,0x00000000ec500000)
  to   space 219648K, 0% used [0x00000000f2980000,0x00000000f2980000,0x0000000100000000)
 ParOldGen       total 670720K, used 439883K [0x0000000087200000, 0x00000000b0100000, 0x00000000d7b80000)
  object space 670720K, 65% used [0x0000000087200000,0x00000000a1f92e90,0x00000000b0100000)
 Metaspace       used 39054K, capacity 41316K, committed 41472K, reserved 1085440K
  class space    used 5181K, capacity 5601K, committed 5632K, reserved 1048576K
Event: 38.352 GC heap after
Heap after GC invocations=19 (full 5):
 PSYoungGen      total 440320K, used 168034K [0x00000000d7b80000, 0x0000000100000000, 0x0000000100000000)
  eden space 220672K, 0% used [0x00000000d7b80000,0x00000000d7b80000,0x00000000e5300000)
  from space 219648K, 76% used [0x00000000f2980000,0x00000000fcd98a88,0x0000000100000000)
  to   space 219648K, 0% used [0x00000000e5300000,0x00000000e5300000,0x00000000f2980000)
 ParOldGen       total 670720K, used 571627K [0x0000000087200000, 0x00000000b0100000, 0x00000000d7b80000)
  object space 670720K, 85% used [0x0000000087200000,0x00000000aa03ae90,0x00000000b0100000)
 Metaspace       used 39054K, capacity 41316K, committed 41472K, reserved 1085440K
  class space    used 5181K, capacity 5601K, committed 5632K, reserved 1048576K
}
Event: 38.365 GC heap before
{Heap before GC invocations=20 (full 6):
 PSYoungGen      total 440320K, used 168034K [0x00000000d7b80000, 0x0000000100000000, 0x0000000100000000)
  eden space 220672K, 0% used [0x00000000d7b80000,0x00000000d7b80000,0x00000000e5300000)
  from space 219648K, 76% used [0x00000000f2980000,0x00000000fcd98a88,0x0000000100000000)
  to   space 219648K, 0% used [0x00000000e5300000,0x00000000e5300000,0x00000000f2980000)
 ParOldGen       total 670720K, used 571627K [0x0000000087200000, 0x00000000b0100000, 0x00000000d7b80000)
  object space 670720K, 85% used [0x0000000087200000,0x00000000aa03ae90,0x00000000b0100000)
 Metaspace       used 39054K, capacity 41316K, committed 41472K, reserved 1085440K
  class space    used 5181K, capacity 5601K, committed 5632K, reserved 1048576K
Event: 43.427 GC heap after
Heap after GC invocations=20 (full 6):
 PSYoungGen      total 440320K, used 68598K [0x00000000d7b80000, 0x0000000100000000, 0x0000000100000000)
  eden space 220672K, 0% used [0x00000000d7b80000,0x00000000d7b80000,0x00000000e5300000)
  from space 219648K, 31% used [0x00000000f2980000,0x00000000f6c7db30,0x0000000100000000)
  to   space 219648K, 0% used [0x00000000e5300000,0x00000000e5300000,0x00000000f2980000)
 ParOldGen       total 956416K, used 670304K [0x0000000087200000, 0x00000000c1800000, 0x00000000d7b80000)
  object space 956416K, 70% used [0x0000000087200000,0x00000000b0098150,0x00000000c1800000)
 Metaspace       used 39054K, capacity 41316K, committed 41472K, reserved 1085440K
  class space    used 5181K, capacity 5601K, committed 5632K, reserved 1048576K
}
Event: 44.020 GC heap before
{Heap before GC invocations=21 (full 6):
 PSYoungGen      total 440320K, used 289270K [0x00000000d7b80000, 0x0000000100000000, 0x0000000100000000)
  eden space 220672K, 100% used [0x00000000d7b80000,0x00000000e5300000,0x00000000e5300000)
  from space 219648K, 31% used [0x00000000f2980000,0x00000000f6c7db30,0x0000000100000000)
  to   space 219648K, 0% used [0x00000000e5300000,0x00000000e5300000,0x00000000f2980000)
 ParOldGen       total 956416K, used 670304K [0x0000000087200000, 0x00000000c1800000, 0x00000000d7b80000)
  object space 956416K, 70% used [0x0000000087200000,0x00000000b0098150,0x00000000c1800000)
 Metaspace       used 39054K, capacity 41316K, committed 41472K, reserved 1085440K
  class space    used 5181K, capacity 5601K, committed 5632K, reserved 1048576K
Event: 44.852 GC heap after
Heap after GC invocations=21 (full 6):
 PSYoungGen      total 440320K, used 219648K [0x00000000d7b80000, 0x0000000100000000, 0x0000000100000000)
  eden space 220672K, 0% used [0x00000000d7b80000,0x00000000d7b80000,0x00000000e5300000)
  from space 219648K, 100% used [0x00000000e5300000,0x00000000f2980000,0x00000000f2980000)
  to   space 219648K, 0% used [0x00000000f2980000,0x00000000f2980000,0x0000000100000000)
 ParOldGen       total 956416K, used 740296K [0x0000000087200000, 0x00000000c1800000, 0x00000000d7b80000)
  object space 956416K, 77% used [0x0000000087200000,0x00000000b44f2150,0x00000000c1800000)
 Metaspace       used 39054K, capacity 41316K, committed 41472K, reserved 1085440K
  class space    used 5181K, capacity 5601K, committed 5632K, reserved 1048576K
}
Event: 45.230 GC heap before
{Heap before GC invocations=22 (full 6):
 PSYoungGen      total 440320K, used 440320K [0x00000000d7b80000, 0x0000000100000000, 0x0000000100000000)
  eden space 220672K, 100% used [0x00000000d7b80000,0x00000000e5300000,0x00000000e5300000)
  from space 219648K, 100% used [0x00000000e5300000,0x00000000f2980000,0x00000000f2980000)
  to   space 219648K, 0% used [0x00000000f2980000,0x00000000f2980000,0x0000000100000000)
 ParOldGen       total 956416K, used 740296K [0x0000000087200000, 0x00000000c1800000, 0x00000000d7b80000)
  object space 956416K, 77% used [0x0000000087200000,0x00000000b44f2150,0x00000000c1800000)
 Metaspace       used 39054K, capacity 41316K, committed 41472K, reserved 1085440K
  class space    used 5181K, capacity 5601K, committed 5632K, reserved 1048576K
Event: 47.206 GC heap after
Heap after GC invocations=22 (full 6):
 PSYoungGen      total 440320K, used 219619K [0x00000000d7b80000, 0x0000000100000000, 0x0000000100000000)
  eden space 220672K, 0% used [0x00000000d7b80000,0x00000000d7b80000,0x00000000e5300000)
  from space 219648K, 99% used [0x00000000f2980000,0x00000000ffff8fc8,0x0000000100000000)
  to   space 219648K, 0% used [0x00000000e5300000,0x00000000e5300000,0x00000000f2980000)
 ParOldGen       total 962048K, used 961664K [0x0000000087200000, 0x00000000c1d80000, 0x00000000d7b80000)
  object space 962048K, 99% used [0x0000000087200000,0x00000000c1d20150,0x00000000c1d80000)
 Metaspace       used 39054K, capacity 41316K, committed 41472K, reserved 1085440K
  class space    used 5181K, capacity 5601K, committed 5632K, reserved 1048576K
}
Event: 47.218 GC heap before
{Heap before GC invocations=23 (full 7):
 PSYoungGen      total 440320K, used 219619K [0x00000000d7b80000, 0x0000000100000000, 0x0000000100000000)
  eden space 220672K, 0% used [0x00000000d7b80000,0x00000000d7b80000,0x00000000e5300000)
  from space 219648K, 99% used [0x00000000f2980000,0x00000000ffff8fc8,0x0000000100000000)
  to   space 219648K, 0% used [0x00000000e5300000,0x00000000e5300000,0x00000000f2980000)
 ParOldGen       total 962048K, used 961664K [0x0000000087200000, 0x00000000c1d80000, 0x00000000d7b80000)
  object space 962048K, 99% used [0x0000000087200000,0x00000000c1d20150,0x00000000c1d80000)
 Metaspace       used 39054K, capacity 41316K, committed 41472K, reserved 1085440K
  class space    used 5181K, capacity 5601K, committed 5632K, reserved 1048576K

