# JRE version: Java(TM) SE Runtime Environment (8.0_171-b11) (build 1.8.0_171-b11)
# Java VM: Java HotSpot(TM) 64-Bit Server VM (25.171-b11 mixed mode linux-amd64 compressed oops)
Heap:
 PSYoungGen      total 270848K, used 14538K [0x00000000d7200000, 0x00000000e8b00000, 0x0000000100000000)
  eden space 253952K, 0% used [0x00000000d7200000,0x00000000d7200000,0x00000000e6a00000)
  from space 16896K, 86% used [0x00000000e6a00000,0x00000000e7832ac8,0x00000000e7a80000)
  to   space 15872K, 0% used [0x00000000e7b80000,0x00000000e7b80000,0x00000000e8b00000)
 ParOldGen       total 84480K, used 25118K [0x0000000085600000, 0x000000008a880000, 0x00000000d7200000)
  object space 84480K, 29% used [0x0000000085600000,0x0000000086e87b68,0x000000008a880000)
 Metaspace       used 34141K, capacity 35352K, committed 35496K, reserved 1081344K
  class space    used 4281K, capacity 4628K, committed 4656K, reserved 1048576K
GC Heap History (10 events):
Event: 1.959 GC heap after
Heap after GC invocations=3 (full 0):
 PSYoungGen      total 68608K, used 5104K [0x00000000d7200000, 0x00000000df800000, 0x0000000100000000)
  eden space 63488K, 0% used [0x00000000d7200000,0x00000000d7200000,0x00000000db000000)
  from space 5120K, 99% used [0x00000000db000000,0x00000000db4fc030,0x00000000db500000)
  to   space 5120K, 0% used [0x00000000df300000,0x00000000df300000,0x00000000df800000)
 ParOldGen       total 84992K, used 6894K [0x0000000085600000, 0x000000008a900000, 0x00000000d7200000)
  object space 84992K, 8% used [0x0000000085600000,0x0000000085cbbaa8,0x000000008a900000)
 Metaspace       used 16115K, capacity 16336K, committed 16640K, reserved 1064960K
  class space    used 1967K, capacity 2037K, committed 2048K, reserved 1048576K
}
Event: 2.440 GC heap before
{Heap before GC invocations=4 (full 0):
 PSYoungGen      total 68608K, used 68592K [0x00000000d7200000, 0x00000000df800000, 0x0000000100000000)
  eden space 63488K, 100% used [0x00000000d7200000,0x00000000db000000,0x00000000db000000)
  from space 5120K, 99% used [0x00000000db000000,0x00000000db4fc030,0x00000000db500000)
  to   space 5120K, 0% used [0x00000000df300000,0x00000000df300000,0x00000000df800000)
 ParOldGen       total 84992K, used 6894K [0x0000000085600000, 0x000000008a900000, 0x00000000d7200000)
  object space 84992K, 8% used [0x0000000085600000,0x0000000085cbbaa8,0x000000008a900000)
 Metaspace       used 16800K, capacity 17052K, committed 17280K, reserved 1064960K
  class space    used 2008K, capacity 2104K, committed 2176K, reserved 1048576K
Event: 2.463 GC heap after
Heap after GC invocations=4 (full 0):
 PSYoungGen      total 132096K, used 5104K [0x00000000d7200000, 0x00000000df800000, 0x0000000100000000)
  eden space 126976K, 0% used [0x00000000d7200000,0x00000000d7200000,0x00000000dee00000)
  from space 5120K, 99% used [0x00000000df300000,0x00000000df7fc010,0x00000000df800000)
  to   space 5120K, 0% used [0x00000000dee00000,0x00000000dee00000,0x00000000df300000)
 ParOldGen       total 84992K, used 14576K [0x0000000085600000, 0x000000008a900000, 0x00000000d7200000)
  object space 84992K, 17% used [0x0000000085600000,0x000000008643c120,0x000000008a900000)
 Metaspace       used 16800K, capacity 17052K, committed 17280K, reserved 1064960K
  class space    used 2008K, capacity 2104K, committed 2176K, reserved 1048576K
}
Event: 3.559 GC heap before
{Heap before GC invocations=5 (full 0):
 PSYoungGen      total 132096K, used 132080K [0x00000000d7200000, 0x00000000df800000, 0x0000000100000000)
  eden space 126976K, 100% used [0x00000000d7200000,0x00000000dee00000,0x00000000dee00000)
  from space 5120K, 99% used [0x00000000df300000,0x00000000df7fc010,0x00000000df800000)
  to   space 5120K, 0% used [0x00000000dee00000,0x00000000dee00000,0x00000000df300000)
 ParOldGen       total 84992K, used 14576K [0x0000000085600000, 0x000000008a900000, 0x00000000d7200000)
  object space 84992K, 17% used [0x0000000085600000,0x000000008643c120,0x000000008a900000)
 Metaspace       used 18803K, capacity 19364K, committed 19584K, reserved 1067008K
  class space    used 2176K, capacity 2328K, committed 2432K, reserved 1048576K
Event: 3.595 GC heap after
Heap after GC invocations=5 (full 0):
 PSYoungGen      total 132096K, used 5104K [0x00000000d7200000, 0x00000000e8d00000, 0x0000000100000000)
  eden space 126976K, 0% used [0x00000000d7200000,0x00000000d7200000,0x00000000dee00000)
  from space 5120K, 99% used [0x00000000dee00000,0x00000000df2fc010,0x00000000df300000)
  to   space 17920K, 0% used [0x00000000e7b80000,0x00000000e7b80000,0x00000000e8d00000)
 ParOldGen       total 84992K, used 24535K [0x0000000085600000, 0x000000008a900000, 0x00000000d7200000)
  object space 84992K, 28% used [0x0000000085600000,0x0000000086df5e58,0x000000008a900000)
 Metaspace       used 18803K, capacity 19364K, committed 19584K, reserved 1067008K
  class space    used 2176K, capacity 2328K, committed 2432K, reserved 1048576K
}
Event: 4.151 GC heap before
{Heap before GC invocations=6 (full 0):
 PSYoungGen      total 132096K, used 58428K [0x00000000d7200000, 0x00000000e8d00000, 0x0000000100000000)
  eden space 126976K, 41% used [0x00000000d7200000,0x00000000da613068,0x00000000dee00000)
  from space 5120K, 99% used [0x00000000dee00000,0x00000000df2fc010,0x00000000df300000)
  to   space 17920K, 0% used [0x00000000e7b80000,0x00000000e7b80000,0x00000000e8d00000)
 ParOldGen       total 84992K, used 24535K [0x0000000085600000, 0x000000008a900000, 0x00000000d7200000)
  object space 84992K, 28% used [0x0000000085600000,0x0000000086df5e58,0x000000008a900000)
 Metaspace       used 20570K, capacity 21220K, committed 21296K, reserved 1069056K
  class space    used 2409K, capacity 2605K, committed 2608K, reserved 1048576K
Event: 4.167 GC heap after
Heap after GC invocations=6 (full 0):
 PSYoungGen      total 269824K, used 8828K [0x00000000d7200000, 0x00000000e8b00000, 0x0000000100000000)
  eden space 253952K, 0% used [0x00000000d7200000,0x00000000d7200000,0x00000000e6a00000)
  from space 15872K, 55% used [0x00000000e7b80000,0x00000000e841f0f0,0x00000000e8b00000)
  to   space 16896K, 0% used [0x00000000e6a00000,0x00000000e6a00000,0x00000000e7a80000)
 ParOldGen       total 84992K, used 24543K [0x0000000085600000, 0x000000008a900000, 0x00000000d7200000)
  object space 84992K, 28% used [0x0000000085600000,0x0000000086df7e58,0x000000008a900000)
 Metaspace       used 20570K, capacity 21220K, committed 21296K, reserved 1069056K
  class space    used 2409K, capacity 2605K, committed 2608K, reserved 1048576K
}
Event: 4.167 GC heap before
{Heap before GC invocations=7 (full 1):
 PSYoungGen      total 269824K, used 8828K [0x00000000d7200000, 0x00000000e8b00000, 0x0000000100000000)
  eden space 253952K, 0% used [0x00000000d7200000,0x00000000d7200000,0x00000000e6a00000)
  from space 15872K, 55% used [0x00000000e7b80000,0x00000000e841f0f0,0x00000000e8b00000)
  to   space 16896K, 0% used [0x00000000e6a00000,0x00000000e6a00000,0x00000000e7a80000)
 ParOldGen       total 84992K, used 24543K [0x0000000085600000, 0x000000008a900000, 0x00000000d7200000)
  object space 84992K, 28% used [0x0000000085600000,0x0000000086df7e58,0x000000008a900000)
 Metaspace       used 20570K, capacity 21220K, committed 21296K, reserved 1069056K
  class space    used 2409K, capacity 2605K, committed 2608K, reserved 1048576K
Event: 4.271 GC heap after
Heap after GC invocations=7 (full 1):
 PSYoungGen      total 269824K, used 0K [0x00000000d7200000, 0x00000000e8b00000, 0x0000000100000000)
  eden space 253952K, 0% used [0x00000000d7200000,0x00000000d7200000,0x00000000e6a00000)
  from space 15872K, 0% used [0x00000000e7b80000,0x00000000e7b80000,0x00000000e8b00000)
  to   space 16896K, 0% used [0x00000000e6a00000,0x00000000e6a00000,0x00000000e7a80000)
 ParOldGen       total 84480K, used 25110K [0x0000000085600000, 0x000000008a880000, 0x00000000d7200000)
  object space 84480K, 29% used [0x0000000085600000,0x0000000086e85b68,0x000000008a880000)
 Metaspace       used 20570K, capacity 21220K, committed 21296K, reserved 1069056K
  class space    used 2409K, capacity 2605K, committed 2608K, reserved 1048576K
}
Event: 5.820 GC heap before
{Heap before GC invocations=8 (full 1):
 PSYoungGen      total 269824K, used 114721K [0x00000000d7200000, 0x00000000e8b00000, 0x0000000100000000)
  eden space 253952K, 45% used [0x00000000d7200000,0x00000000de208528,0x00000000e6a00000)
  from space 15872K, 0% used [0x00000000e7b80000,0x00000000e7b80000,0x00000000e8b00000)
  to   space 16896K, 0% used [0x00000000e6a00000,0x00000000e6a00000,0x00000000e7a80000)
 ParOldGen       total 84480K, used 25110K [0x0000000085600000, 0x000000008a880000, 0x00000000d7200000)
  object space 84480K, 29% used [0x0000000085600000,0x0000000086e85b68,0x000000008a880000)
 Metaspace       used 34141K, capacity 35352K, committed 35496K, reserved 1081344K
  class space    used 4281K, capacity 4628K, committed 4656K, reserved 1048576K

